<?xml version="1.0" encoding="UTF-8"?>
<testsuite name="InterpreterTest" tests="9" skipped="0" failures="0" errors="0" timestamp="2024-08-24T00:27:36" hostname="DESKTOP-754B0AE" time="0.266">
  <properties/>
  <testcase name="test_Sum_Identifier_String()" classname="InterpreterTest" time="0.147"/>
  <testcase name="test_Multiply_Numbers()" classname="InterpreterTest" time="0.008"/>
  <testcase name="test_Operation()" classname="InterpreterTest" time="0.007"/>
  <testcase name="test_Sum_Identifiers()" classname="InterpreterTest" time="0.01"/>
  <testcase name="test_Subtract_Numbers()" classname="InterpreterTest" time="0.017"/>
  <testcase name="test_shouldConcatenateTwoStrings()" classname="InterpreterTest" time="0.005"/>
  <testcase name="test_Divide_Numbers()" classname="InterpreterTest" time="0.006"/>
  <testcase name="test_Sum_String_Number()" classname="InterpreterTest" time="0.009"/>
  <testcase name="test_Assign_Declared_Value()" classname="InterpreterTest" time="0.005"/>
  <system-out><![CDATA[]]></system-out>
  <system-err><![CDATA[]]></system-err>
</testsuite>
