<?xml version="1.0" encoding="UTF-8"?>
<testsuite name="InterpreterTest" tests="15" skipped="0" failures="0" errors="0" timestamp="2024-09-04T19:10:33" hostname="DESKTOP-754B0AE" time="1.817">
  <properties/>
  <testcase name="test_Sum_Identifier_String()" classname="InterpreterTest" time="0.344"/>
  <testcase name="test_Multiply_Numbers()" classname="InterpreterTest" time="0.165"/>
  <testcase name="test_if_one_tree_true()" classname="InterpreterTest" time="0.086"/>
  <testcase name="test_readInput()" classname="InterpreterTest" time="0.053"/>
  <testcase name="test_Operation()" classname="InterpreterTest" time="0.068"/>
  <testcase name="test_readEnv()" classname="InterpreterTest" time="0.082"/>
  <testcase name="test_if_false()" classname="InterpreterTest" time="0.055"/>
  <testcase name="test_if_true()" classname="InterpreterTest" time="0.1"/>
  <testcase name="test_Sum_Identifiers()" classname="InterpreterTest" time="0.078"/>
  <testcase name="test_Subtract_Numbers()" classname="InterpreterTest" time="0.049"/>
  <testcase name="test_shouldConcatenateTwoStrings()" classname="InterpreterTest" time="0.146"/>
  <testcase name="test_if_one_tree_false()" classname="InterpreterTest" time="0.072"/>
  <testcase name="test_Divide_Numbers()" classname="InterpreterTest" time="0.079"/>
  <testcase name="test_Sum_String_Number()" classname="InterpreterTest" time="0.174"/>
  <testcase name="test_Assign_Declared_Value()" classname="InterpreterTest" time="0.038"/>
  <system-out><![CDATA[1Hello
25
12
Insert a number: 
14
54
Ignacio
14
12
10
5
Hello World
14
2
Hello5
Hello
]]></system-out>
  <system-err><![CDATA[]]></system-err>
</testsuite>
