<?xml version="1.0" encoding="UTF-8"?>
<testsuite name="InterpreterTest" tests="17" skipped="0" failures="0" errors="0" timestamp="2024-09-05T01:10:48" hostname="DESKTOP-754B0AE" time="0.6">
  <properties/>
  <testcase name="test_Sum_Identifier_String()" classname="InterpreterTest" time="0.111"/>
  <testcase name="test_File_2()" classname="InterpreterTest" time="0.09"/>
  <testcase name="test_Multiply_Numbers()" classname="InterpreterTest" time="0.014"/>
  <testcase name="test_File()" classname="InterpreterTest" time="0.033"/>
  <testcase name="test_if_one_tree_true()" classname="InterpreterTest" time="0.024"/>
  <testcase name="test_readInput()" classname="InterpreterTest" time="0.015"/>
  <testcase name="test_Operation()" classname="InterpreterTest" time="0.026"/>
  <testcase name="test_readEnv()" classname="InterpreterTest" time="0.021"/>
  <testcase name="test_if_false()" classname="InterpreterTest" time="0.023"/>
  <testcase name="test_if_true()" classname="InterpreterTest" time="0.043"/>
  <testcase name="test_Sum_Identifiers()" classname="InterpreterTest" time="0.022"/>
  <testcase name="test_Subtract_Numbers()" classname="InterpreterTest" time="0.022"/>
  <testcase name="test_shouldConcatenateTwoStrings()" classname="InterpreterTest" time="0.019"/>
  <testcase name="test_if_one_tree_false()" classname="InterpreterTest" time="0.018"/>
  <testcase name="test_Divide_Numbers()" classname="InterpreterTest" time="0.022"/>
  <testcase name="test_Sum_String_Number()" classname="InterpreterTest" time="0.006"/>
  <testcase name="test_Assign_Declared_Value()" classname="InterpreterTest" time="0.013"/>
  <system-out><![CDATA[1Hello
Value to multiply
Value 25
25
Hello 20
12
Insert a number: 
14
54
Ignacio
14
12
10
5
Hello World
14
2
Hello5
Hello
]]></system-out>
  <system-err><![CDATA[]]></system-err>
</testsuite>
