<?xml version="1.0" encoding="UTF-8"?>
<testsuite name="InterpreterTest" tests="36" skipped="0" failures="1" errors="0" timestamp="2024-07-28T18:23:39" hostname="DESKTOP-NH9OTJ6" time="0.304">
  <properties/>
  <testcase name="test013_shouldInterpretAComplexNumberDeclarationWithAssignment()" classname="InterpreterTest" time="0.093"/>
  <testcase name="test001_shouldInterpretAnASTAndExecuteIt()" classname="InterpreterTest" time="0.002"/>
  <testcase name="test032_shouldThrowExceptionForInvalidOperationSymbol()" classname="InterpreterTest" time="0.005"/>
  <testcase name="test029_shouldThrowExceptionForVariableNotDeclaredInOperation()" classname="InterpreterTest" time="0.007"/>
  <testcase name="test040_whenVariableDefinedInOuterIfStatementShouldBeAbleToUseInInnerIfStatement()" classname="InterpreterTest" time="0.004"/>
  <testcase name="test034_conditionalStatementTrue()" classname="InterpreterTest" time="0.002"/>
  <testcase name="test031_shouldThrowExceptionForUnsupportedOperationWithNonNumericOperandsInDivision()" classname="InterpreterTest" time="0.001"/>
  <testcase name="test027_shouldThrowExceptionForVariableNotDeclared()" classname="InterpreterTest" time="0.001"/>
  <testcase name="test016_shouldInterpretANumberDeclarationWithDecimalSubtractionAssignment()" classname="InterpreterTest" time="0.005"/>
  <testcase name="test026_shouldThrowExceptionForVariableAlreadyDeclared()" classname="InterpreterTest" time="0.004"/>
  <testcase name="test030_shouldThrowExceptionForUnsupportedOperationWithNonNumericOperands()" classname="InterpreterTest" time="0.001"/>
  <testcase name="test018_shouldInterpretANumberDeclarationWithDecimalDivisionAssignment()" classname="InterpreterTest" time="0.003"/>
  <testcase name="test002_shouldInterpretAnASTAndExecuteIt()" classname="InterpreterTest" time="0.002"/>
  <testcase name="test014_shouldInterpretANumberDeclarationWithDecimalAssignment()" classname="InterpreterTest" time="0.001"/>
  <testcase name="test021_shouldThrowExceptionForRedeclarationOfVariable()" classname="InterpreterTest" time="0.002"/>
  <testcase name="test005_shouldSubtractTwoNumbers()" classname="InterpreterTest" time="0.002"/>
  <testcase name="test009_shouldInterpretASimpleAssignationNode()" classname="InterpreterTest" time="0.012"/>
  <testcase name="test020_shouldThrowExceptionForUndeclaredVariable()" classname="InterpreterTest" time="0.005"/>
  <testcase name="test035_conditionalStatementFalse()" classname="InterpreterTest" time="0.003"/>
  <testcase name="test039_whenVariableDefinedInOuterIfStatementShouldntBeAbleToDefineInInnerIfStatement()" classname="InterpreterTest" time="0.005"/>
  <testcase name="test024_shouldThrowExceptionForUnexpectedMethod()" classname="InterpreterTest" time="0.001"/>
  <testcase name="test004_shouldAddTwoNumbers()" classname="InterpreterTest" time="0.001"/>
  <testcase name="test022_shouldThrowExceptionForTypeMismatchInAssignment()" classname="InterpreterTest" time="0.001"/>
  <testcase name="test041_readInputFunction()" classname="InterpreterTest" time="0.009">
    <failure message="org.opentest4j.AssertionFailedError: expected: &lt;true&gt; but was: &lt;false&gt;" type="org.opentest4j.AssertionFailedError">org.opentest4j.AssertionFailedError: expected: &lt;true&gt; but was: &lt;false&gt;
	at app//org.junit.jupiter.api.AssertionUtils.fail(AssertionUtils.java:55)
	at app//org.junit.jupiter.api.AssertTrue.assertTrue(AssertTrue.java:40)
	at app//org.junit.jupiter.api.AssertTrue.assertTrue(AssertTrue.java:35)
	at app//org.junit.jupiter.api.Assertions.assertTrue(Assertions.java:179)
	at app//InterpreterTest.test041_readInputFunction(InterpreterTest.java:770)
	at java.base@16.0.1/jdk.internal.reflect.NativeMethodAccessorImpl.invoke0(Native Method)
	at java.base@16.0.1/jdk.internal.reflect.NativeMethodAccessorImpl.invoke(NativeMethodAccessorImpl.java:78)
	at java.base@16.0.1/jdk.internal.reflect.DelegatingMethodAccessorImpl.invoke(DelegatingMethodAccessorImpl.java:43)
	at java.base@16.0.1/java.lang.reflect.Method.invoke(Method.java:567)
	at app//org.junit.platform.commons.util.ReflectionUtils.invokeMethod(ReflectionUtils.java:725)
	at app//org.junit.jupiter.engine.execution.MethodInvocation.proceed(MethodInvocation.java:60)
	at app//org.junit.jupiter.engine.execution.InvocationInterceptorChain$ValidatingInvocation.proceed(InvocationInterceptorChain.java:131)
	at app//org.junit.jupiter.engine.extension.TimeoutExtension.intercept(TimeoutExtension.java:149)
	at app//org.junit.jupiter.engine.extension.TimeoutExtension.interceptTestableMethod(TimeoutExtension.java:140)
	at app//org.junit.jupiter.engine.extension.TimeoutExtension.interceptTestMethod(TimeoutExtension.java:84)
	at app//org.junit.jupiter.engine.execution.ExecutableInvoker$ReflectiveInterceptorCall.lambda$ofVoidMethod$0(ExecutableInvoker.java:115)
	at app//org.junit.jupiter.engine.execution.ExecutableInvoker.lambda$invoke$0(ExecutableInvoker.java:105)
	at app//org.junit.jupiter.engine.execution.InvocationInterceptorChain$InterceptedInvocation.proceed(InvocationInterceptorChain.java:106)
	at app//org.junit.jupiter.engine.execution.InvocationInterceptorChain.proceed(InvocationInterceptorChain.java:64)
	at app//org.junit.jupiter.engine.execution.InvocationInterceptorChain.chainAndInvoke(InvocationInterceptorChain.java:45)
	at app//org.junit.jupiter.engine.execution.InvocationInterceptorChain.invoke(InvocationInterceptorChain.java:37)
	at app//org.junit.jupiter.engine.execution.ExecutableInvoker.invoke(ExecutableInvoker.java:104)
	at app//org.junit.jupiter.engine.execution.ExecutableInvoker.invoke(ExecutableInvoker.java:98)
	at app//org.junit.jupiter.engine.descriptor.TestMethodTestDescriptor.lambda$invokeTestMethod$7(TestMethodTestDescriptor.java:214)
	at app//org.junit.platform.engine.support.hierarchical.ThrowableCollector.execute(ThrowableCollector.java:73)
	at app//org.junit.jupiter.engine.descriptor.TestMethodTestDescriptor.invokeTestMethod(TestMethodTestDescriptor.java:210)
	at app//org.junit.jupiter.engine.descriptor.TestMethodTestDescriptor.execute(TestMethodTestDescriptor.java:135)
	at app//org.junit.jupiter.engine.descriptor.TestMethodTestDescriptor.execute(TestMethodTestDescriptor.java:66)
	at app//org.junit.platform.engine.support.hierarchical.NodeTestTask.lambda$executeRecursively$6(NodeTestTask.java:151)
	at app//org.junit.platform.engine.support.hierarchical.ThrowableCollector.execute(ThrowableCollector.java:73)
	at app//org.junit.platform.engine.support.hierarchical.NodeTestTask.lambda$executeRecursively$8(NodeTestTask.java:141)
	at app//org.junit.platform.engine.support.hierarchical.Node.around(Node.java:137)
	at app//org.junit.platform.engine.support.hierarchical.NodeTestTask.lambda$executeRecursively$9(NodeTestTask.java:139)
	at app//org.junit.platform.engine.support.hierarchical.ThrowableCollector.execute(ThrowableCollector.java:73)
	at app//org.junit.platform.engine.support.hierarchical.NodeTestTask.executeRecursively(NodeTestTask.java:138)
	at app//org.junit.platform.engine.support.hierarchical.NodeTestTask.execute(NodeTestTask.java:95)
	at java.base@16.0.1/java.util.ArrayList.forEach(ArrayList.java:1511)
	at app//org.junit.platform.engine.support.hierarchical.SameThreadHierarchicalTestExecutorService.invokeAll(SameThreadHierarchicalTestExecutorService.java:41)
	at app//org.junit.platform.engine.support.hierarchical.NodeTestTask.lambda$executeRecursively$6(NodeTestTask.java:155)
	at app//org.junit.platform.engine.support.hierarchical.ThrowableCollector.execute(ThrowableCollector.java:73)
	at app//org.junit.platform.engine.support.hierarchical.NodeTestTask.lambda$executeRecursively$8(NodeTestTask.java:141)
	at app//org.junit.platform.engine.support.hierarchical.Node.around(Node.java:137)
	at app//org.junit.platform.engine.support.hierarchical.NodeTestTask.lambda$executeRecursively$9(NodeTestTask.java:139)
	at app//org.junit.platform.engine.support.hierarchical.ThrowableCollector.execute(ThrowableCollector.java:73)
	at app//org.junit.platform.engine.support.hierarchical.NodeTestTask.executeRecursively(NodeTestTask.java:138)
	at app//org.junit.platform.engine.support.hierarchical.NodeTestTask.execute(NodeTestTask.java:95)
	at java.base@16.0.1/java.util.ArrayList.forEach(ArrayList.java:1511)
	at app//org.junit.platform.engine.support.hierarchical.SameThreadHierarchicalTestExecutorService.invokeAll(SameThreadHierarchicalTestExecutorService.java:41)
	at app//org.junit.platform.engine.support.hierarchical.NodeTestTask.lambda$executeRecursively$6(NodeTestTask.java:155)
	at app//org.junit.platform.engine.support.hierarchical.ThrowableCollector.execute(ThrowableCollector.java:73)
	at app//org.junit.platform.engine.support.hierarchical.NodeTestTask.lambda$executeRecursively$8(NodeTestTask.java:141)
	at app//org.junit.platform.engine.support.hierarchical.Node.around(Node.java:137)
	at app//org.junit.platform.engine.support.hierarchical.NodeTestTask.lambda$executeRecursively$9(NodeTestTask.java:139)
	at app//org.junit.platform.engine.support.hierarchical.ThrowableCollector.execute(ThrowableCollector.java:73)
	at app//org.junit.platform.engine.support.hierarchical.NodeTestTask.executeRecursively(NodeTestTask.java:138)
	at app//org.junit.platform.engine.support.hierarchical.NodeTestTask.execute(NodeTestTask.java:95)
	at app//org.junit.platform.engine.support.hierarchical.SameThreadHierarchicalTestExecutorService.submit(SameThreadHierarchicalTestExecutorService.java:35)
	at app//org.junit.platform.engine.support.hierarchical.HierarchicalTestExecutor.execute(HierarchicalTestExecutor.java:57)
	at app//org.junit.platform.engine.support.hierarchical.HierarchicalTestEngine.execute(HierarchicalTestEngine.java:54)
	at org.junit.platform.launcher.core.EngineExecutionOrchestrator.execute(EngineExecutionOrchestrator.java:108)
	at org.junit.platform.launcher.core.EngineExecutionOrchestrator.execute(EngineExecutionOrchestrator.java:88)
	at org.junit.platform.launcher.core.EngineExecutionOrchestrator.lambda$execute$0(EngineExecutionOrchestrator.java:54)
	at org.junit.platform.launcher.core.EngineExecutionOrchestrator.withInterceptedStreams(EngineExecutionOrchestrator.java:67)
	at org.junit.platform.launcher.core.EngineExecutionOrchestrator.execute(EngineExecutionOrchestrator.java:52)
	at org.junit.platform.launcher.core.DefaultLauncher.execute(DefaultLauncher.java:96)
	at org.junit.platform.launcher.core.DefaultLauncher.execute(DefaultLauncher.java:75)
	at org.gradle.api.internal.tasks.testing.junitplatform.JUnitPlatformTestClassProcessor$CollectAllTestClassesExecutor.processAllTestClasses(JUnitPlatformTestClassProcessor.java:99)
	at org.gradle.api.internal.tasks.testing.junitplatform.JUnitPlatformTestClassProcessor$CollectAllTestClassesExecutor.access$000(JUnitPlatformTestClassProcessor.java:79)
	at org.gradle.api.internal.tasks.testing.junitplatform.JUnitPlatformTestClassProcessor.stop(JUnitPlatformTestClassProcessor.java:75)
	at org.gradle.api.internal.tasks.testing.SuiteTestClassProcessor.stop(SuiteTestClassProcessor.java:61)
	at java.base@16.0.1/jdk.internal.reflect.NativeMethodAccessorImpl.invoke0(Native Method)
	at java.base@16.0.1/jdk.internal.reflect.NativeMethodAccessorImpl.invoke(NativeMethodAccessorImpl.java:78)
	at java.base@16.0.1/jdk.internal.reflect.DelegatingMethodAccessorImpl.invoke(DelegatingMethodAccessorImpl.java:43)
	at java.base@16.0.1/java.lang.reflect.Method.invoke(Method.java:567)
	at org.gradle.internal.dispatch.ReflectionDispatch.dispatch(ReflectionDispatch.java:36)
	at org.gradle.internal.dispatch.ReflectionDispatch.dispatch(ReflectionDispatch.java:24)
	at org.gradle.internal.dispatch.ContextClassLoaderDispatch.dispatch(ContextClassLoaderDispatch.java:33)
	at org.gradle.internal.dispatch.ProxyDispatchAdapter$DispatchingInvocationHandler.invoke(ProxyDispatchAdapter.java:94)
	at jdk.proxy1/jdk.proxy1.$Proxy2.stop(Unknown Source)
	at org.gradle.api.internal.tasks.testing.worker.TestWorker$3.run(TestWorker.java:193)
	at org.gradle.api.internal.tasks.testing.worker.TestWorker.executeAndMaintainThreadName(TestWorker.java:129)
	at org.gradle.api.internal.tasks.testing.worker.TestWorker.execute(TestWorker.java:100)
	at org.gradle.api.internal.tasks.testing.worker.TestWorker.execute(TestWorker.java:60)
	at org.gradle.process.internal.worker.child.ActionExecutionWorker.execute(ActionExecutionWorker.java:56)
	at org.gradle.process.internal.worker.child.SystemApplicationClassLoaderWorker.call(SystemApplicationClassLoaderWorker.java:133)
	at org.gradle.process.internal.worker.child.SystemApplicationClassLoaderWorker.call(SystemApplicationClassLoaderWorker.java:71)
	at app//worker.org.gradle.process.internal.worker.GradleWorkerMain.run(GradleWorkerMain.java:69)
	at app//worker.org.gradle.process.internal.worker.GradleWorkerMain.main(GradleWorkerMain.java:74)
</failure>
  </testcase>
  <testcase name="test007_shouldConcatenateTwoStrings()" classname="InterpreterTest" time="0.001"/>
  <testcase name="test019_shouldInterpretAComplexNumberDeclarationWithDecimalAssignment()" classname="InterpreterTest" time="0.001"/>
  <testcase name="test008_shouldInterpretADeclarationNode()" classname="InterpreterTest" time="0.0"/>
  <testcase name="test038_changeInIfStatementAVariableDeclaredOutOfTheScope()" classname="InterpreterTest" time="0.002"/>
  <testcase name="test003_shouldMultiplyTwoNumbers()" classname="InterpreterTest" time="0.001"/>
  <testcase name="test033_constAssignationShouldntBeAbleToOverride()" classname="InterpreterTest" time="0.001"/>
  <testcase name="test037_whenDefineVariableInIfStatementToNotAppearOutOfScope()" classname="InterpreterTest" time="0.027"/>
  <testcase name="test015_shouldInterpretANumberDeclarationWithDecimalAdditionAssignment()" classname="InterpreterTest" time="0.002"/>
  <testcase name="test036_conditionalStatementFalseWithoutElseBody()" classname="InterpreterTest" time="0.003"/>
  <testcase name="test023_shouldThrowExceptionForUnsupportedOperation()" classname="InterpreterTest" time="0.001"/>
  <testcase name="test006_shouldDivideTwoNumbers()" classname="InterpreterTest" time="0.002"/>
  <testcase name="test017_shouldInterpretANumberDeclarationWithDecimalMultiplicationAssignment()" classname="InterpreterTest" time="0.007"/>
  <system-out><![CDATA[Enter a value:]]></system-out>
  <system-err><![CDATA[]]></system-err>
</testsuite>
