<?xml version="1.0" encoding="UTF-8"?>
<testsuite name="TokenTester" tests="27" skipped="0" failures="0" errors="0" timestamp="2024-08-29T20:47:34" hostname="DESKTOP-754B0AE" time="0.333">
  <properties/>
  <testcase name="test_Function_readEnv()" classname="TokenTester" time="0.042"/>
  <testcase name="test_Boolean_true()" classname="TokenTester" time="0.009"/>
  <testcase name="test_Boolean_type()" classname="TokenTester" time="0.014"/>
  <testcase name="test_Assign()" classname="TokenTester" time="0.008"/>
  <testcase name="test_Number_type()" classname="TokenTester" time="0.007"/>
  <testcase name="test_Divide()" classname="TokenTester" time="0.007"/>
  <testcase name="test_if()" classname="TokenTester" time="0.006"/>
  <testcase name="test_Method()" classname="TokenTester" time="0.014"/>
  <testcase name="test_Number()" classname="TokenTester" time="0.007"/>
  <testcase name="test_Lkey()" classname="TokenTester" time="0.006"/>
  <testcase name="test_Lpar()" classname="TokenTester" time="0.007"/>
  <testcase name="test_Plus()" classname="TokenTester" time="0.004"/>
  <testcase name="test_Rkey()" classname="TokenTester" time="0.005"/>
  <testcase name="test_Rpar()" classname="TokenTester" time="0.007"/>
  <testcase name="test_else()" classname="TokenTester" time="0.012"/>
  <testcase name="test_String()" classname="TokenTester" time="0.013"/>
  <testcase name="test_End()" classname="TokenTester" time="0.004"/>
  <testcase name="test_Function_readInput()" classname="TokenTester" time="0.017"/>
  <testcase name="test_Multiply()" classname="TokenTester" time="0.008"/>
  <testcase name="test_Declaration()" classname="TokenTester" time="0.005"/>
  <testcase name="test_Unknown()" classname="TokenTester" time="0.007"/>
  <testcase name="test_String_type()" classname="TokenTester" time="0.008"/>
  <testcase name="test_Keyword_let()" classname="TokenTester" time="0.007"/>
  <testcase name="test_Variable()" classname="TokenTester" time="0.007"/>
  <testcase name="test_Boolean_false()" classname="TokenTester" time="0.009"/>
  <testcase name="test_Keyword_const()" classname="TokenTester" time="0.005"/>
  <testcase name="test_Minus()" classname="TokenTester" time="0.005"/>
  <system-out><![CDATA[]]></system-out>
  <system-err><![CDATA[]]></system-err>
</testsuite>
