<?xml version="1.0" encoding="UTF-8"?>
<testsuite name="TokenTester" tests="1" skipped="0" failures="0" errors="0" timestamp="2024-08-21T15:51:30" hostname="DESKTOP-754B0AE" time="0.077">
  <properties/>
  <testcase name="test_Number()" classname="TokenTester" time="0.077"/>
  <system-out><![CDATA[]]></system-out>
  <system-err><![CDATA[]]></system-err>
</testsuite>
