<?xml version="1.0" encoding="UTF-8"?>
<testsuite name="ParserTests" tests="12" skipped="0" failures="0" errors="0" timestamp="2024-09-05T00:57:12" hostname="DESKTOP-754B0AE" time="0.323">
  <properties/>
  <testcase name="test_Assign()" classname="ParserTests" time="0.056"/>
  <testcase name="test_Method()" classname="ParserTests" time="0.017"/>
  <testcase name="test_File()" classname="ParserTests" time="0.061"/>
  <testcase name="test_readInput()" classname="ParserTests" time="0.014"/>
  <testcase name="test_DeclareAssignTree()" classname="ParserTests" time="0.009"/>
  <testcase name="test_const_1_0()" classname="ParserTests" time="0.01"/>
  <testcase name="test_readEnv()" classname="ParserTests" time="0.012"/>
  <testcase name="test_const_declare()" classname="ParserTests" time="0.011"/>
  <testcase name="test_Declare()" classname="ParserTests" time="0.009"/>
  <testcase name="test_File2()" classname="ParserTests" time="0.054"/>
  <testcase name="test_const()" classname="ParserTests" time="0.014"/>
  <testcase name="test_If_Else()" classname="ParserTests" time="0.023"/>
  <system-out><![CDATA[]]></system-out>
  <system-err><![CDATA[]]></system-err>
</testsuite>
