<?xml version="1.0" encoding="UTF-8"?>
<testsuite name="ParserTests" tests="3" skipped="0" failures="0" errors="0" timestamp="2024-08-22T23:42:51" hostname="DESKTOP-754B0AE" time="0.198">
  <properties/>
  <testcase name="test_Assign()" classname="ParserTests" time="0.106"/>
  <testcase name="test_DeclareAssignTree()" classname="ParserTests" time="0.059"/>
  <testcase name="test_Declare()" classname="ParserTests" time="0.025"/>
  <system-out><![CDATA[]]></system-out>
  <system-err><![CDATA[]]></system-err>
</testsuite>
