<?xml version="1.0" encoding="UTF-8"?>
<testsuite name="ParserTests" tests="12" skipped="0" failures="0" errors="0" timestamp="2024-09-05T17:23:07" hostname="DESKTOP-754B0AE" time="0.437">
  <properties/>
  <testcase name="test_Assign()" classname="ParserTests" time="0.054"/>
  <testcase name="test_Method()" classname="ParserTests" time="0.016"/>
  <testcase name="test_File()" classname="ParserTests" time="0.07"/>
  <testcase name="test_readInput()" classname="ParserTests" time="0.013"/>
  <testcase name="test_DeclareAssignTree()" classname="ParserTests" time="0.01"/>
  <testcase name="test_const_1_0()" classname="ParserTests" time="0.012"/>
  <testcase name="test_readEnv()" classname="ParserTests" time="0.021"/>
  <testcase name="test_const_declare()" classname="ParserTests" time="0.026"/>
  <testcase name="test_Declare()" classname="ParserTests" time="0.008"/>
  <testcase name="test_File2()" classname="ParserTests" time="0.088"/>
  <testcase name="test_const()" classname="ParserTests" time="0.014"/>
  <testcase name="test_If_Else()" classname="ParserTests" time="0.042"/>
  <system-out><![CDATA[]]></system-out>
  <system-err><![CDATA[]]></system-err>
</testsuite>
