<?xml version="1.0" encoding="UTF-8"?>
<testsuite name="ParserTests" tests="1" skipped="0" failures="0" errors="0" timestamp="2024-08-23T01:32:10" hostname="DESKTOP-754B0AE" time="0.098">
  <properties/>
  <testcase name="test_File()" classname="ParserTests" time="0.098"/>
  <system-out><![CDATA[]]></system-out>
  <system-err><![CDATA[]]></system-err>
</testsuite>
