<?xml version="1.0" encoding="UTF-8"?>
<testsuite name="ParserTests" tests="11" skipped="0" failures="0" errors="0" timestamp="2024-09-03T23:05:14" hostname="DESKTOP-754B0AE" time="0.529">
  <properties/>
  <testcase name="test_Assign()" classname="ParserTests" time="0.115"/>
  <testcase name="test_Method()" classname="ParserTests" time="0.028"/>
  <testcase name="test_File()" classname="ParserTests" time="0.078"/>
  <testcase name="test_readInput()" classname="ParserTests" time="0.049"/>
  <testcase name="test_DeclareAssignTree()" classname="ParserTests" time="0.031"/>
  <testcase name="test_const_1_0()" classname="ParserTests" time="0.022"/>
  <testcase name="test_readEnv()" classname="ParserTests" time="0.024"/>
  <testcase name="test_const_declare()" classname="ParserTests" time="0.026"/>
  <testcase name="test_Declare()" classname="ParserTests" time="0.017"/>
  <testcase name="test_const()" classname="ParserTests" time="0.021"/>
  <testcase name="test_If_Else()" classname="ParserTests" time="0.058"/>
  <system-out><![CDATA[]]></system-out>
  <system-err><![CDATA[]]></system-err>
</testsuite>
