<?xml version="1.0" encoding="UTF-8"?>
<testsuite name="LexerTest" tests="14" skipped="0" failures="0" errors="0" timestamp="2024-09-03T23:03:10" hostname="DESKTOP-754B0AE" time="0.603">
  <properties/>
  <testcase name="test_Assign()" classname="LexerTest" time="0.136"/>
  <testcase name="test_Method()" classname="LexerTest" time="0.023"/>
  <testcase name="test_boolean()" classname="LexerTest" time="0.089"/>
  <testcase name="test_File()" classname="LexerTest" time="0.046"/>
  <testcase name="test_Math()" classname="LexerTest" time="0.032"/>
  <testcase name="test_readInput()" classname="LexerTest" time="0.026"/>
  <testcase name="test_MultipleLines()" classname="LexerTest" time="0.022"/>
  <testcase name="test_AssignDeclare()" classname="LexerTest" time="0.019"/>
  <testcase name="test_readEnv()" classname="LexerTest" time="0.021"/>
  <testcase name="test_Unknown()" classname="LexerTest" time="0.016"/>
  <testcase name="test_if_else()" classname="LexerTest" time="0.04"/>
  <testcase name="test_Declare()" classname="LexerTest" time="0.017"/>
  <testcase name="test_Empty()" classname="LexerTest" time="0.015"/>
  <testcase name="test_const()" classname="LexerTest" time="0.019"/>
  <system-out><![CDATA[]]></system-out>
  <system-err><![CDATA[]]></system-err>
</testsuite>
