<?xml version="1.0" encoding="UTF-8"?>
<testsuite name="LexerTest" tests="14" skipped="0" failures="0" errors="0" timestamp="2024-08-31T21:07:41" hostname="DESKTOP-754B0AE" time="0.349">
  <properties/>
  <testcase name="test_Assign()" classname="LexerTest" time="0.066"/>
  <testcase name="test_Method()" classname="LexerTest" time="0.012"/>
  <testcase name="test_boolean()" classname="LexerTest" time="0.019"/>
  <testcase name="test_File()" classname="LexerTest" time="0.04"/>
  <testcase name="test_Math()" classname="LexerTest" time="0.025"/>
  <testcase name="test_readInput()" classname="LexerTest" time="0.017"/>
  <testcase name="test_MultipleLines()" classname="LexerTest" time="0.013"/>
  <testcase name="test_AssignDeclare()" classname="LexerTest" time="0.014"/>
  <testcase name="test_readEnv()" classname="LexerTest" time="0.014"/>
  <testcase name="test_Unknown()" classname="LexerTest" time="0.022"/>
  <testcase name="test_if_else()" classname="LexerTest" time="0.036"/>
  <testcase name="test_Declare()" classname="LexerTest" time="0.011"/>
  <testcase name="test_Empty()" classname="LexerTest" time="0.007"/>
  <testcase name="test_const()" classname="LexerTest" time="0.01"/>
  <system-out><![CDATA[]]></system-out>
  <system-err><![CDATA[]]></system-err>
</testsuite>
